
*** Running vivado
    with args -log riscv32KC2_fpga.vds -m64 -product Vivado -mode batch -messageDb vivado.pb -notrace -source riscv32KC2_fpga.tcl



****** Vivado v2025.2 (64-bit)
  **** SW Build 6299465 on Fri Nov 14 19:35:11 GMT 2025
  **** IP Build 6300035 on Fri Nov 14 10:48:45 MST 2025
  **** SharedData Build 6298862 on Thu Nov 13 04:50:51 MST 2025
  **** Start of session at: Sun Mar  8 23:25:04 2026
    ** Copyright 1986-2022 Xilinx, Inc. All Rights Reserved.
    ** Copyright 2022-2025 Advanced Micro Devices, Inc. All Rights Reserved.

source riscv32KC2_fpga.tcl -notrace
create_project: Time (s): cpu = 00:00:08 ; elapsed = 00:00:06 . Memory (MB): peak = 524.871 ; gain = 219.363
Command: read_checkpoint -auto_incremental -incremental F:/Work/risv32KC2/hdl/fpga/riscv32KC2.srcs/utils_1/imports/synth_1/riscv32KC2_fpga.dcp
INFO: [Vivado 12-5825] Read reference checkpoint from F:/Work/risv32KC2/hdl/fpga/riscv32KC2.srcs/utils_1/imports/synth_1/riscv32KC2_fpga.dcp for incremental synthesis
INFO: [Vivado 12-7989] Please ensure there are no constraint changes
Command: synth_design -top riscv32KC2_fpga -part xc7a200tsbg484-1
Starting synth_design
Attempting to get a license for feature 'Synthesis' and/or device 'xc7a200t'
INFO: [Common 17-349] Got license for feature 'Synthesis' and/or device 'xc7a200t'
INFO: [Device 21-403] Loading part xc7a200tsbg484-1
INFO: [Designutils 20-5440] No compile time benefit to using incremental synthesis; A full resynthesis will be run
INFO: [Designutils 20-4379] Flow is switching to default flow due to incremental criteria not met. If you would like to alter this behaviour and have the flow terminate instead, please set the following parameter config_implementation {autoIncr.Synth.RejectBehavior Terminate}
INFO: [Synth 8-7079] Multithreading enabled for synth_design using a maximum of 2 processes.
INFO: [Synth 8-7078] Launching helper process for spawning children vivado processes
INFO: [Synth 8-7075] Helper process launched with PID 23496

*** Running vivado
    with args -log riscv32KC2_fpga.vds -m64 -product Vivado -mode batch -messageDb vivado.pb -notrace -source riscv32KC2_fpga.tcl



****** Vivado v2025.2 (64-bit)
  **** SW Build 6299465 on Fri Nov 14 19:35:11 GMT 2025
  **** IP Build 6300035 on Fri Nov 14 10:48:45 MST 2025
  **** SharedData Build 6298862 on Thu Nov 13 04:50:51 MST 2025
  **** Start of session at: Sun Mar  8 23:25:51 2026
    ** Copyright 1986-2022 Xilinx, Inc. All Rights Reserved.
    ** Copyright 2022-2025 Advanced Micro Devices, Inc. All Rights Reserved.

source riscv32KC2_fpga.tcl -notrace
create_project: Time (s): cpu = 00:00:07 ; elapsed = 00:00:06 . Memory (MB): peak = 525.754 ; gain = 219.965
Command: read_checkpoint -auto_incremental -incremental F:/Work/risv32KC2/hdl/fpga/riscv32KC2.srcs/utils_1/imports/synth_1/riscv32KC2_fpga.dcp
INFO: [Vivado 12-5825] Read reference checkpoint from F:/Work/risv32KC2/hdl/fpga/riscv32KC2.srcs/utils_1/imports/synth_1/riscv32KC2_fpga.dcp for incremental synthesis
INFO: [Vivado 12-7989] Please ensure there are no constraint changes
Command: synth_design -top riscv32KC2_fpga -part xc7a200tsbg484-1
Starting synth_design
Attempting to get a license for feature 'Synthesis' and/or device 'xc7a200t'
INFO: [Common 17-349] Got license for feature 'Synthesis' and/or device 'xc7a200t'
INFO: [Device 21-403] Loading part xc7a200tsbg484-1
INFO: [Designutils 20-5440] No compile time benefit to using incremental synthesis; A full resynthesis will be run
INFO: [Designutils 20-4379] Flow is switching to default flow due to incremental criteria not met. If you would like to alter this behaviour and have the flow terminate instead, please set the following parameter config_implementation {autoIncr.Synth.RejectBehavior Terminate}
INFO: [Synth 8-7079] Multithreading enabled for synth_design using a maximum of 2 processes.
INFO: [Synth 8-7078] Launching helper process for spawning children vivado processes
INFO: [Synth 8-7075] Helper process launched with PID 32192
---------------------------------------------------------------------------------
Starting RTL Elaboration : Time (s): cpu = 00:00:04 ; elapsed = 00:00:06 . Memory (MB): peak = 1317.125 ; gain = 543.602
---------------------------------------------------------------------------------
INFO: [Synth 8-11241] undeclared symbol 'ebreak_enters_debug_mode', assumed default net type 'wire' [F:/Work/risv32KC2/hdl/rtl/riscv_core/riscv_exu.v:437]
INFO: [Synth 8-11241] undeclared symbol 'reg_we', assumed default net type 'wire' [F:/Work/risv32KC2/hdl/rtl/riscv_core/riscv_final_stage.v:179]
INFO: [Synth 8-11241] undeclared symbol 'if_instruction', assumed default net type 'wire' [F:/Work/risv32KC2/hdl/rtl/riscv_core/riscv_if_stage.v:79]
INFO: [Synth 8-6157] synthesizing module 'riscv32KC2_fpga' [F:/Work/risv32KC2/hdl/rtl/riscv32KC2_system/riscv32KC2_fpga.v:12]
INFO: [Synth 8-6157] synthesizing module 'riscv32KC2_fpga_pll' [F:/Work/risv32KC2/hdl/fpga/riscv32KC2.runs/synth_1/.Xil/Vivado-19364-DESKTOP-9AH11CN/realtime/riscv32KC2_fpga_pll_stub.v:6]
INFO: [Synth 8-6155] done synthesizing module 'riscv32KC2_fpga_pll' (0#1) [F:/Work/risv32KC2/hdl/fpga/riscv32KC2.runs/synth_1/.Xil/Vivado-19364-DESKTOP-9AH11CN/realtime/riscv32KC2_fpga_pll_stub.v:6]
WARNING: [Synth 8-7071] port 'locked' of module 'riscv32KC2_fpga_pll' is unconnected for instance 'u_pll' [F:/Work/risv32KC2/hdl/rtl/riscv32KC2_system/riscv32KC2_fpga.v:71]
WARNING: [Synth 8-7023] instance 'u_pll' of module 'riscv32KC2_fpga_pll' has 5 connections declared, but only 4 given [F:/Work/risv32KC2/hdl/rtl/riscv32KC2_system/riscv32KC2_fpga.v:71]
INFO: [Synth 8-6157] synthesizing module 'riscv32KC2_system' [F:/Work/risv32KC2/hdl/rtl/riscv32KC2_system/riscv32KC2_system.v:8]
INFO: [Synth 8-6157] synthesizing module 'riscv_core' [F:/Work/risv32KC2/hdl/rtl/riscv_core/riscv_core.v:8]
	Parameter RESET_PC bound to: 4096 - type: integer 
	Parameter INSTR_RAM_BASE bound to: 1879048192 - type: integer 
	Parameter INSTR_RAM_SIZE bound to: 536870912 - type: integer 
INFO: [Synth 8-6157] synthesizing module 'riscv_pipeline' [F:/Work/risv32KC2/hdl/rtl/riscv_core/riscv_pipeline.v:31]
	Parameter RESET_PC bound to: 4096 - type: integer 
INFO: [Synth 8-6157] synthesizing module 'riscv_if_stage' [F:/Work/risv32KC2/hdl/rtl/riscv_core/riscv_if_stage.v:16]
	Parameter RESET_PC bound to: 4096 - type: integer 
INFO: [Synth 8-6157] synthesizing module 'riscv_decode' [F:/Work/risv32KC2/hdl/rtl/riscv_core/riscv_decode.v:13]
INFO: [Synth 8-6157] synthesizing module 'riscv_decoder' [F:/Work/risv32KC2/hdl/rtl/riscv_core/riscv_decoder.v:15]
INFO: [Synth 8-226] default block is never used [F:/Work/risv32KC2/hdl/rtl/riscv_core/riscv_decoder.v:545]
INFO: [Synth 8-6155] done synthesizing module 'riscv_decoder' (0#1) [F:/Work/risv32KC2/hdl/rtl/riscv_core/riscv_decoder.v:15]
INFO: [Synth 8-6155] done synthesizing module 'riscv_decode' (0#1) [F:/Work/risv32KC2/hdl/rtl/riscv_core/riscv_decode.v:13]
INFO: [Synth 8-6157] synthesizing module 'riscv_fetch_pc_unit' [F:/Work/risv32KC2/hdl/rtl/riscv_core/riscv_fetch_pc_unit.v:1]
	Parameter RESET_PC bound to: 4096 - type: integer 
INFO: [Synth 8-6155] done synthesizing module 'riscv_fetch_pc_unit' (0#1) [F:/Work/risv32KC2/hdl/rtl/riscv_core/riscv_fetch_pc_unit.v:1]
INFO: [Synth 8-6155] done synthesizing module 'riscv_if_stage' (0#1) [F:/Work/risv32KC2/hdl/rtl/riscv_core/riscv_if_stage.v:16]
INFO: [Synth 8-6157] synthesizing module 'riscv_pipeline_regs' [F:/Work/risv32KC2/hdl/rtl/riscv_core/riscv_pipeline_regs.v:1]
	Parameter DW bound to: 15 - type: integer 
	Parameter INITIAL_VALUE bound to: 15'b000000000000000 
INFO: [Synth 8-6155] done synthesizing module 'riscv_pipeline_regs' (0#1) [F:/Work/risv32KC2/hdl/rtl/riscv_core/riscv_pipeline_regs.v:1]
INFO: [Synth 8-6157] synthesizing module 'riscv_pipeline_regs__parameterized0' [F:/Work/risv32KC2/hdl/rtl/riscv_core/riscv_pipeline_regs.v:1]
	Parameter DW bound to: 65 - type: integer 
	Parameter INITIAL_VALUE bound to: 65'b00000000000000000000000000000000000000000000000000000000000000000 
INFO: [Synth 8-6155] done synthesizing module 'riscv_pipeline_regs__parameterized0' (0#1) [F:/Work/risv32KC2/hdl/rtl/riscv_core/riscv_pipeline_regs.v:1]
INFO: [Synth 8-6157] synthesizing module 'riscv_pipeline_regs__parameterized1' [F:/Work/risv32KC2/hdl/rtl/riscv_core/riscv_pipeline_regs.v:1]
	Parameter DW bound to: 32 - type: integer 
	Parameter INITIAL_VALUE bound to: 0 - type: integer 
INFO: [Synth 8-6155] done synthesizing module 'riscv_pipeline_regs__parameterized1' (0#1) [F:/Work/risv32KC2/hdl/rtl/riscv_core/riscv_pipeline_regs.v:1]
INFO: [Synth 8-6157] synthesizing module 'riscv_pipeline_regs__parameterized2' [F:/Work/risv32KC2/hdl/rtl/riscv_core/riscv_pipeline_regs.v:1]
	Parameter DW bound to: 81 - type: integer 
	Parameter INITIAL_VALUE bound to: 81'b000000000000000000000000000000000000000000000000000000000000000000000000000000000 
INFO: [Synth 8-6155] done synthesizing module 'riscv_pipeline_regs__parameterized2' (0#1) [F:/Work/risv32KC2/hdl/rtl/riscv_core/riscv_pipeline_regs.v:1]
INFO: [Synth 8-6157] synthesizing module 'riscv_final_stage' [F:/Work/risv32KC2/hdl/rtl/riscv_core/riscv_final_stage.v:15]
INFO: [Synth 8-6157] synthesizing module 'riscv_wb' [F:/Work/risv32KC2/hdl/rtl/riscv_core/riscv_wb.v:12]
INFO: [Synth 8-6157] synthesizing module 'riscv_regfile' [F:/Work/risv32KC2/hdl/rtl/riscv_core/riscv_regfile.v:5]
INFO: [Synth 8-6155] done synthesizing module 'riscv_regfile' (0#1) [F:/Work/risv32KC2/hdl/rtl/riscv_core/riscv_regfile.v:5]
INFO: [Synth 8-6155] done synthesizing module 'riscv_wb' (0#1) [F:/Work/risv32KC2/hdl/rtl/riscv_core/riscv_wb.v:12]
INFO: [Synth 8-6157] synthesizing module 'riscv_exu' [F:/Work/risv32KC2/hdl/rtl/riscv_core/riscv_exu.v:16]
INFO: [Synth 8-6157] synthesizing module 'riscv_alu' [F:/Work/risv32KC2/hdl/rtl/riscv_core/riscv_alu.v:5]
INFO: [Synth 8-6155] done synthesizing module 'riscv_alu' (0#1) [F:/Work/risv32KC2/hdl/rtl/riscv_core/riscv_alu.v:5]
INFO: [Synth 8-6157] synthesizing module 'riscv_multdiv' [F:/Work/risv32KC2/hdl/rtl/riscv_core/riscv_multdiv.v:12]
INFO: [Synth 8-6157] synthesizing module 'booth_mult_r4_b' [F:/Work/risv32KC2/hdl/rtl/misc/booth_mult_r4_b.v:8]
INFO: [Synth 8-6157] synthesizing module 'booth_pp_base_r4' [F:/Work/risv32KC2/hdl/rtl/misc/booth_mult_r4_b.v:103]
INFO: [Synth 8-226] default block is never used [F:/Work/risv32KC2/hdl/rtl/misc/booth_mult_r4_b.v:115]
INFO: [Synth 8-6155] done synthesizing module 'booth_pp_base_r4' (0#1) [F:/Work/risv32KC2/hdl/rtl/misc/booth_mult_r4_b.v:103]
INFO: [Synth 8-6155] done synthesizing module 'booth_mult_r4_b' (0#1) [F:/Work/risv32KC2/hdl/rtl/misc/booth_mult_r4_b.v:8]
INFO: [Synth 8-6157] synthesizing module 'div_r4' [F:/Work/risv32KC2/hdl/rtl/misc/div_r4.v:10]
INFO: [Synth 8-226] default block is never used [F:/Work/risv32KC2/hdl/rtl/misc/div_r4.v:75]
INFO: [Synth 8-6155] done synthesizing module 'div_r4' (0#1) [F:/Work/risv32KC2/hdl/rtl/misc/div_r4.v:10]
INFO: [Synth 8-6155] done synthesizing module 'riscv_multdiv' (0#1) [F:/Work/risv32KC2/hdl/rtl/riscv_core/riscv_multdiv.v:12]
INFO: [Synth 8-6157] synthesizing module 'riscv_csr' [F:/Work/risv32KC2/hdl/rtl/riscv_core/riscv_csr.v:6]
INFO: [Synth 8-155] case statement is not full and has no default [F:/Work/risv32KC2/hdl/rtl/riscv_core/riscv_csr.v:194]
INFO: [Synth 8-6155] done synthesizing module 'riscv_csr' (0#1) [F:/Work/risv32KC2/hdl/rtl/riscv_core/riscv_csr.v:6]
INFO: [Synth 8-6155] done synthesizing module 'riscv_exu' (0#1) [F:/Work/risv32KC2/hdl/rtl/riscv_core/riscv_exu.v:16]
INFO: [Synth 8-6157] synthesizing module 'riscv_mem' [F:/Work/risv32KC2/hdl/rtl/riscv_core/riscv_mem.v:13]
INFO: [Synth 8-6155] done synthesizing module 'riscv_mem' (0#1) [F:/Work/risv32KC2/hdl/rtl/riscv_core/riscv_mem.v:13]
INFO: [Synth 8-6155] done synthesizing module 'riscv_final_stage' (0#1) [F:/Work/risv32KC2/hdl/rtl/riscv_core/riscv_final_stage.v:15]
INFO: [Synth 8-6155] done synthesizing module 'riscv_pipeline' (0#1) [F:/Work/risv32KC2/hdl/rtl/riscv_core/riscv_pipeline.v:31]
INFO: [Synth 8-6157] synthesizing module 'riscv_axi_ifetch' [F:/Work/risv32KC2/hdl/rtl/riscv_core/riscv_axi_ifetch.v:17]
	Parameter INSTR_RAM_BASE bound to: 1879048192 - type: integer 
	Parameter INSTR_RAM_SIZE bound to: 536870912 - type: integer 
INFO: [Synth 8-6157] synthesizing module 'read_req_to_axi' [F:/Work/risv32KC2/hdl/rtl/bus/read_req_to_axi.v:1]
INFO: [Synth 8-6155] done synthesizing module 'read_req_to_axi' (0#1) [F:/Work/risv32KC2/hdl/rtl/bus/read_req_to_axi.v:1]
INFO: [Synth 8-6155] done synthesizing module 'riscv_axi_ifetch' (0#1) [F:/Work/risv32KC2/hdl/rtl/riscv_core/riscv_axi_ifetch.v:17]
INFO: [Synth 8-6157] synthesizing module 'riscv_axi_data' [F:/Work/risv32KC2/hdl/rtl/riscv_core/riscv_axi_data.v:10]
INFO: [Synth 8-6157] synthesizing module 'write_req_to_axi' [F:/Work/risv32KC2/hdl/rtl/bus/write_req_to_axi.v:1]
INFO: [Synth 8-6155] done synthesizing module 'write_req_to_axi' (0#1) [F:/Work/risv32KC2/hdl/rtl/bus/write_req_to_axi.v:1]
INFO: [Synth 8-6155] done synthesizing module 'riscv_axi_data' (0#1) [F:/Work/risv32KC2/hdl/rtl/riscv_core/riscv_axi_data.v:10]
INFO: [Synth 8-6157] synthesizing module 'ram_model' [F:/Work/risv32KC2/hdl/rtl/misc/ram_model.v:1]
	Parameter DP bound to: 4096 - type: integer 
	Parameter DW bound to: 32 - type: integer 
	Parameter MW bound to: 4 - type: integer 
	Parameter AW bound to: 12 - type: integer 
INFO: [Synth 8-6155] done synthesizing module 'ram_model' (0#1) [F:/Work/risv32KC2/hdl/rtl/misc/ram_model.v:1]
WARNING: [Synth 8-689] width (26) of port connection 'addr' does not match port width (12) of module 'ram_model' [F:/Work/risv32KC2/hdl/rtl/riscv_core/riscv_core.v:252]
INFO: [Synth 8-6157] synthesizing module 'riscv_iram_arbit' [F:/Work/risv32KC2/hdl/rtl/riscv_core/riscv_iram_arbit.v:1]
INFO: [Synth 8-6155] done synthesizing module 'riscv_iram_arbit' (0#1) [F:/Work/risv32KC2/hdl/rtl/riscv_core/riscv_iram_arbit.v:1]
WARNING: [Synth 8-689] width (26) of port connection 'addr' does not match port width (12) of module 'ram_model' [F:/Work/risv32KC2/hdl/rtl/riscv_core/riscv_core.v:295]
INFO: [Synth 8-6155] done synthesizing module 'riscv_core' (0#1) [F:/Work/risv32KC2/hdl/rtl/riscv_core/riscv_core.v:8]
INFO: [Synth 8-6157] synthesizing module 'riscv32KC2_bus' [F:/Work/risv32KC2/hdl/rtl/bus/riscv32KC2_bus.v:1]
	Parameter ADDR_WIDTH bound to: 32 - type: integer 
	Parameter DATA_WIDTH bound to: 32 - type: integer 
INFO: [Synth 8-6157] synthesizing module 'axi_lite_demux' [F:/Work/risv32KC2/hdl/rtl/bus/axi_lite_demux.v:1]
	Parameter ADDR_WIDTH bound to: 32 - type: integer 
	Parameter DATA_WIDTH bound to: 32 - type: integer 
	Parameter NumMst bound to: 3 - type: integer 
INFO: [Synth 8-6157] synthesizing module 'axi_fifo' [F:/Work/risv32KC2/hdl/rtl/bus/axi_fifo.v:1]
	Parameter DW bound to: 3 - type: integer 
INFO: [Synth 8-6155] done synthesizing module 'axi_fifo' (0#1) [F:/Work/risv32KC2/hdl/rtl/bus/axi_fifo.v:1]
INFO: [Synth 8-6155] done synthesizing module 'axi_lite_demux' (0#1) [F:/Work/risv32KC2/hdl/rtl/bus/axi_lite_demux.v:1]
INFO: [Synth 8-6157] synthesizing module 'axi_lite_demux__parameterized0' [F:/Work/risv32KC2/hdl/rtl/bus/axi_lite_demux.v:1]
	Parameter ADDR_WIDTH bound to: 32 - type: integer 
	Parameter DATA_WIDTH bound to: 32 - type: integer 
	Parameter NumMst bound to: 8 - type: integer 
INFO: [Synth 8-6157] synthesizing module 'axi_fifo__parameterized0' [F:/Work/risv32KC2/hdl/rtl/bus/axi_fifo.v:1]
	Parameter DW bound to: 8 - type: integer 
INFO: [Synth 8-6155] done synthesizing module 'axi_fifo__parameterized0' (0#1) [F:/Work/risv32KC2/hdl/rtl/bus/axi_fifo.v:1]
INFO: [Synth 8-6155] done synthesizing module 'axi_lite_demux__parameterized0' (0#1) [F:/Work/risv32KC2/hdl/rtl/bus/axi_lite_demux.v:1]
INFO: [Synth 8-6157] synthesizing module 'axi_lite_mux2' [F:/Work/risv32KC2/hdl/rtl/bus/axi_lite_mux2.v:1]
	Parameter ADDR_WIDTH bound to: 32 - type: integer 
	Parameter DATA_WIDTH bound to: 32 - type: integer 
	Parameter NumSlv bound to: 2 - type: integer 
INFO: [Synth 8-6155] done synthesizing module 'axi_lite_mux2' (0#1) [F:/Work/risv32KC2/hdl/rtl/bus/axi_lite_mux2.v:1]
INFO: [Synth 8-6155] done synthesizing module 'riscv32KC2_bus' (0#1) [F:/Work/risv32KC2/hdl/rtl/bus/riscv32KC2_bus.v:1]
WARNING: [Synth 8-7071] port 'm2_axi_awaddr' of module 'riscv32KC2_bus' is unconnected for instance 'u_bus' [F:/Work/risv32KC2/hdl/rtl/riscv32KC2_system/riscv32KC2_system.v:319]
WARNING: [Synth 8-7071] port 'm2_axi_awlen' of module 'riscv32KC2_bus' is unconnected for instance 'u_bus' [F:/Work/risv32KC2/hdl/rtl/riscv32KC2_system/riscv32KC2_system.v:319]
WARNING: [Synth 8-7071] port 'm2_axi_awsize' of module 'riscv32KC2_bus' is unconnected for instance 'u_bus' [F:/Work/risv32KC2/hdl/rtl/riscv32KC2_system/riscv32KC2_system.v:319]
WARNING: [Synth 8-7071] port 'm2_axi_awburst' of module 'riscv32KC2_bus' is unconnected for instance 'u_bus' [F:/Work/risv32KC2/hdl/rtl/riscv32KC2_system/riscv32KC2_system.v:319]
WARNING: [Synth 8-7071] port 'm2_axi_awvalid' of module 'riscv32KC2_bus' is unconnected for instance 'u_bus' [F:/Work/risv32KC2/hdl/rtl/riscv32KC2_system/riscv32KC2_system.v:319]
WARNING: [Synth 8-7071] port 'm2_axi_awready' of module 'riscv32KC2_bus' is unconnected for instance 'u_bus' [F:/Work/risv32KC2/hdl/rtl/riscv32KC2_system/riscv32KC2_system.v:319]
WARNING: [Synth 8-7071] port 'm2_axi_wdata' of module 'riscv32KC2_bus' is unconnected for instance 'u_bus' [F:/Work/risv32KC2/hdl/rtl/riscv32KC2_system/riscv32KC2_system.v:319]
WARNING: [Synth 8-7071] port 'm2_axi_wstrb' of module 'riscv32KC2_bus' is unconnected for instance 'u_bus' [F:/Work/risv32KC2/hdl/rtl/riscv32KC2_system/riscv32KC2_system.v:319]
WARNING: [Synth 8-7071] port 'm2_axi_wlast' of module 'riscv32KC2_bus' is unconnected for instance 'u_bus' [F:/Work/risv32KC2/hdl/rtl/riscv32KC2_system/riscv32KC2_system.v:319]
WARNING: [Synth 8-7071] port 'm2_axi_wvalid' of module 'riscv32KC2_bus' is unconnected for instance 'u_bus' [F:/Work/risv32KC2/hdl/rtl/riscv32KC2_system/riscv32KC2_system.v:319]
WARNING: [Synth 8-7071] port 'm2_axi_wready' of module 'riscv32KC2_bus' is unconnected for instance 'u_bus' [F:/Work/risv32KC2/hdl/rtl/riscv32KC2_system/riscv32KC2_system.v:319]
WARNING: [Synth 8-7071] port 'm2_axi_bresp' of module 'riscv32KC2_bus' is unconnected for instance 'u_bus' [F:/Work/risv32KC2/hdl/rtl/riscv32KC2_system/riscv32KC2_system.v:319]
WARNING: [Synth 8-7071] port 'm2_axi_bvalid' of module 'riscv32KC2_bus' is unconnected for instance 'u_bus' [F:/Work/risv32KC2/hdl/rtl/riscv32KC2_system/riscv32KC2_system.v:319]
WARNING: [Synth 8-7071] port 'm2_axi_bready' of module 'riscv32KC2_bus' is unconnected for instance 'u_bus' [F:/Work/risv32KC2/hdl/rtl/riscv32KC2_system/riscv32KC2_system.v:319]
WARNING: [Synth 8-7023] instance 'u_bus' of module 'riscv32KC2_bus' has 227 connections declared, but only 213 given [F:/Work/risv32KC2/hdl/rtl/riscv32KC2_system/riscv32KC2_system.v:319]
INFO: [Synth 8-6157] synthesizing module 'riscv_debug_block' [F:/Work/risv32KC2/hdl/rtl/debug_module/riscv_debug_block.v:6]
	Parameter HART_NUM bound to: 1 - type: integer 
	Parameter HART_ID_W bound to: 1 - type: integer 
INFO: [Synth 8-6157] synthesizing module 'riscv_jtag_dtm' [F:/Work/risv32KC2/hdl/rtl/debug_module/riscv_jtag_dtm.v:18]
INFO: [Synth 8-226] default block is never used [F:/Work/risv32KC2/hdl/rtl/debug_module/riscv_jtag_dtm.v:177]
INFO: [Synth 8-155] case statement is not full and has no default [F:/Work/risv32KC2/hdl/rtl/debug_module/riscv_jtag_dtm.v:203]
INFO: [Synth 8-155] case statement is not full and has no default [F:/Work/risv32KC2/hdl/rtl/debug_module/riscv_jtag_dtm.v:270]
INFO: [Synth 8-155] case statement is not full and has no default [F:/Work/risv32KC2/hdl/rtl/debug_module/riscv_jtag_dtm.v:283]
INFO: [Synth 8-6157] synthesizing module 'buf_cdc_tx' [F:/Work/risv32KC2/hdl/rtl/misc/buf_cdc_tx.v:13]
	Parameter DW bound to: 41 - type: integer 
INFO: [Synth 8-6155] done synthesizing module 'buf_cdc_tx' (0#1) [F:/Work/risv32KC2/hdl/rtl/misc/buf_cdc_tx.v:13]
INFO: [Synth 8-6157] synthesizing module 'buf_cdc_rx' [F:/Work/risv32KC2/hdl/rtl/misc/buf_cdc_rx.v:7]
	Parameter DW bound to: 34 - type: integer 
INFO: [Synth 8-6155] done synthesizing module 'buf_cdc_rx' (0#1) [F:/Work/risv32KC2/hdl/rtl/misc/buf_cdc_rx.v:7]
INFO: [Synth 8-6155] done synthesizing module 'riscv_jtag_dtm' (0#1) [F:/Work/risv32KC2/hdl/rtl/debug_module/riscv_jtag_dtm.v:18]
INFO: [Synth 8-6157] synthesizing module 'riscv_debug_module' [F:/Work/risv32KC2/hdl/rtl/debug_module/riscv_debug_module.v:8]
	Parameter HART_NUM bound to: 1 - type: integer 
	Parameter HART_ID_W bound to: 1 - type: integer 
INFO: [Synth 8-6157] synthesizing module 'buf_cdc_rx__parameterized0' [F:/Work/risv32KC2/hdl/rtl/misc/buf_cdc_rx.v:7]
	Parameter DW bound to: 41 - type: integer 
INFO: [Synth 8-6155] done synthesizing module 'buf_cdc_rx__parameterized0' (0#1) [F:/Work/risv32KC2/hdl/rtl/misc/buf_cdc_rx.v:7]
INFO: [Synth 8-6157] synthesizing module 'buf_cdc_tx__parameterized0' [F:/Work/risv32KC2/hdl/rtl/misc/buf_cdc_tx.v:13]
	Parameter DW bound to: 34 - type: integer 
INFO: [Synth 8-6155] done synthesizing module 'buf_cdc_tx__parameterized0' (0#1) [F:/Work/risv32KC2/hdl/rtl/misc/buf_cdc_tx.v:13]
INFO: [Synth 8-6157] synthesizing module 'dm_mem' [F:/Work/risv32KC2/hdl/rtl/debug_module/dm_mem.v:5]
	Parameter HART_NUM bound to: 1 - type: integer 
	Parameter HART_ID_W bound to: 1 - type: integer 
INFO: [Synth 8-6157] synthesizing module 'debug_rom_013' [F:/Work/risv32KC2/hdl/rtl/debug_module/debug_rom_013.v:4]
INFO: [Synth 8-6155] done synthesizing module 'debug_rom_013' (0#1) [F:/Work/risv32KC2/hdl/rtl/debug_module/debug_rom_013.v:4]
INFO: [Synth 8-6155] done synthesizing module 'dm_mem' (0#1) [F:/Work/risv32KC2/hdl/rtl/debug_module/dm_mem.v:5]
INFO: [Synth 8-6155] done synthesizing module 'riscv_debug_module' (0#1) [F:/Work/risv32KC2/hdl/rtl/debug_module/riscv_debug_module.v:8]
INFO: [Synth 8-6155] done synthesizing module 'riscv_debug_block' (0#1) [F:/Work/risv32KC2/hdl/rtl/debug_module/riscv_debug_block.v:6]
INFO: [Synth 8-6157] synthesizing module 'mrom_axi_lite' [F:/Work/risv32KC2/hdl/rtl/ram/mrom_axi_lite.v:6]
	Parameter ADDR_WIDTH bound to: 32 - type: integer 
	Parameter DATA_WIDTH bound to: 32 - type: integer 
	Parameter ROM_BASE_ADDR bound to: 4096 - type: integer 
	Parameter ROM_ADDR_SIZE bound to: 28672 - type: integer 
	Parameter ROM_SIZE bound to: 256 - type: integer 
	Parameter ROM_AW bound to: 12 - type: integer 
	Parameter ROM_DW bound to: 32 - type: integer 
	Parameter ROM_DP bound to: 64 - type: integer 
INFO: [Synth 8-6157] synthesizing module 'mrom' [F:/Work/risv32KC2/hdl/rtl/ram/mrom.v:5]
	Parameter ADDR_WIDTH bound to: 12 - type: integer 
	Parameter DATA_WIDTH bound to: 32 - type: integer 
	Parameter DEPTH bound to: 64 - type: integer 
INFO: [Synth 8-6155] done synthesizing module 'mrom' (0#1) [F:/Work/risv32KC2/hdl/rtl/ram/mrom.v:5]
INFO: [Synth 8-6155] done synthesizing module 'mrom_axi_lite' (0#1) [F:/Work/risv32KC2/hdl/rtl/ram/mrom_axi_lite.v:6]
INFO: [Synth 8-6157] synthesizing module 'riscv32KC2_peripheral' [F:/Work/risv32KC2/hdl/rtl/peripheral/riscv32KC2_peripheral.v:4]
	Parameter ADDR_WIDTH bound to: 32 - type: integer 
	Parameter DATA_WIDTH bound to: 32 - type: integer 
INFO: [Synth 8-6157] synthesizing module 'axi2apb_bridge' [F:/Work/risv32KC2/hdl/rtl/bus/axi2apb_bridge.v:10]
	Parameter ADDR_WIDTH bound to: 32 - type: integer 
	Parameter DATA_WIDTH bound to: 32 - type: integer 
INFO: [Synth 8-6155] done synthesizing module 'axi2apb_bridge' (0#1) [F:/Work/risv32KC2/hdl/rtl/bus/axi2apb_bridge.v:10]
INFO: [Synth 8-6157] synthesizing module 'apb_decoder' [F:/Work/risv32KC2/hdl/rtl/bus/apb_decoder.v:5]
	Parameter ADDR_WIDTH bound to: 32 - type: integer 
	Parameter DATA_WIDTH bound to: 32 - type: integer 
	Parameter BASE_ADDR bound to: 268435456 - type: integer 
INFO: [Synth 8-6155] done synthesizing module 'apb_decoder' (0#1) [F:/Work/risv32KC2/hdl/rtl/bus/apb_decoder.v:5]
INFO: [Synth 8-6157] synthesizing module 'apb_uart' [F:/Work/risv32KC2/hdl/rtl/peripheral/uart/apb_uart.v:1]
	Parameter ADDR_WIDTH bound to: 32 - type: integer 
	Parameter DATA_WIDTH bound to: 32 - type: integer 
	Parameter FIFO_DEPTH bound to: 16 - type: integer 
INFO: [Synth 8-6157] synthesizing module 'sync_fifo' [F:/Work/risv32KC2/hdl/rtl/misc/sync_fifo.v:7]
	Parameter DATA_WIDTH bound to: 8 - type: integer 
	Parameter FIFO_DEPTH bound to: 16 - type: integer 
	Parameter ADDR_WIDTH bound to: 4 - type: integer 
INFO: [Synth 8-6155] done synthesizing module 'sync_fifo' (0#1) [F:/Work/risv32KC2/hdl/rtl/misc/sync_fifo.v:7]
INFO: [Synth 8-6157] synthesizing module 'uart_tx' [F:/Work/risv32KC2/hdl/rtl/peripheral/uart/apb_uart.v:149]
INFO: [Synth 8-226] default block is never used [F:/Work/risv32KC2/hdl/rtl/peripheral/uart/apb_uart.v:190]
INFO: [Synth 8-6155] done synthesizing module 'uart_tx' (0#1) [F:/Work/risv32KC2/hdl/rtl/peripheral/uart/apb_uart.v:149]
INFO: [Synth 8-6157] synthesizing module 'uart_rx' [F:/Work/risv32KC2/hdl/rtl/peripheral/uart/apb_uart.v:268]
INFO: [Synth 8-6155] done synthesizing module 'uart_rx' (0#1) [F:/Work/risv32KC2/hdl/rtl/peripheral/uart/apb_uart.v:268]
INFO: [Synth 8-6155] done synthesizing module 'apb_uart' (0#1) [F:/Work/risv32KC2/hdl/rtl/peripheral/uart/apb_uart.v:1]
INFO: [Synth 8-6157] synthesizing module 'apb_gpio' [F:/Work/risv32KC2/hdl/rtl/peripheral/gpio/apb_gpio.v:22]
	Parameter ADDR_WIDTH bound to: 32 - type: integer 
	Parameter DATA_WIDTH bound to: 32 - type: integer 
	Parameter NUM_IO bound to: 32 - type: integer 
INFO: [Synth 8-6157] synthesizing module 'gpio' [F:/Work/risv32KC2/hdl/rtl/peripheral/gpio/gpio.v:1]
	Parameter NUM_IO bound to: 32 - type: integer 
INFO: [Synth 8-6155] done synthesizing module 'gpio' (0#1) [F:/Work/risv32KC2/hdl/rtl/peripheral/gpio/gpio.v:1]
INFO: [Synth 8-6155] done synthesizing module 'apb_gpio' (0#1) [F:/Work/risv32KC2/hdl/rtl/peripheral/gpio/apb_gpio.v:22]
INFO: [Synth 8-6155] done synthesizing module 'riscv32KC2_peripheral' (0#1) [F:/Work/risv32KC2/hdl/rtl/peripheral/riscv32KC2_peripheral.v:4]
INFO: [Synth 8-6157] synthesizing module 'axi_riscv_clint' [F:/Work/risv32KC2/hdl/rtl/clint/axi_riscv_clint.v:2]
	Parameter HART_NUM bound to: 1 - type: integer 
	Parameter ADDR_WIDTH bound to: 32 - type: integer 
	Parameter DATA_WIDTH bound to: 32 - type: integer 
INFO: [Synth 8-6157] synthesizing module 'axi_slv_to_dev_inf' [F:/Work/risv32KC2/hdl/rtl/bus/axi_slv_to_dev_inf.v:7]
	Parameter ADDR_WIDTH bound to: 32 - type: integer 
	Parameter DATA_WIDTH bound to: 32 - type: integer 
INFO: [Synth 8-6155] done synthesizing module 'axi_slv_to_dev_inf' (0#1) [F:/Work/risv32KC2/hdl/rtl/bus/axi_slv_to_dev_inf.v:7]
INFO: [Synth 8-6157] synthesizing module 'riscv_clint' [F:/Work/risv32KC2/hdl/rtl/clint/riscv_clint.v:1]
	Parameter HART_NUM bound to: 1 - type: integer 
INFO: [Synth 8-6155] done synthesizing module 'riscv_clint' (0#1) [F:/Work/risv32KC2/hdl/rtl/clint/riscv_clint.v:1]
INFO: [Synth 8-6155] done synthesizing module 'axi_riscv_clint' (0#1) [F:/Work/risv32KC2/hdl/rtl/clint/axi_riscv_clint.v:2]
INFO: [Synth 8-6157] synthesizing module 'axi_riscv_plic' [F:/Work/risv32KC2/hdl/rtl/plic/axi_riscv_plic.v:3]
	Parameter HART_NUM bound to: 1 - type: integer 
	Parameter PLIC_PRIO_WIDTH bound to: 3 - type: integer 
	Parameter PLIC_NUM bound to: 32 - type: integer 
	Parameter ADDR_WIDTH bound to: 32 - type: integer 
	Parameter DATA_WIDTH bound to: 32 - type: integer 
INFO: [Synth 8-6157] synthesizing module 'riscv_plic' [F:/Work/risv32KC2/hdl/rtl/plic/riscv_plic.v:1]
	Parameter HART_NUM bound to: 1 - type: integer 
	Parameter PLIC_PRIO_WIDTH bound to: 3 - type: integer 
	Parameter PLIC_NUM bound to: 32 - type: integer 
WARNING: [Synth 8-693] zero replication count - replication ignored [F:/Work/risv32KC2/hdl/rtl/plic/riscv_plic.v:83]
WARNING: [Synth 8-693] zero replication count - replication ignored [F:/Work/risv32KC2/hdl/rtl/plic/riscv_plic.v:115]
INFO: [Synth 8-6157] synthesizing module 'plic_target' [F:/Work/risv32KC2/hdl/rtl/plic/riscv_plic.v:281]
	Parameter PLIC_NUM bound to: 32 - type: integer 
	Parameter PLIC_NUM_LOG2 bound to: 5 - type: integer 
	Parameter PLIC_PRIO_WIDTH bound to: 3 - type: integer 
INFO: [Synth 8-6157] synthesizing module 'plic_target_binary_search' [F:/Work/risv32KC2/hdl/rtl/plic/riscv_plic.v:332]
	Parameter ARRAY_SIZE bound to: 32 - type: integer 
	Parameter PLIC_PRIO_WIDTH bound to: 3 - type: integer 
	Parameter PLIC_ID_WIDTH bound to: 5 - type: integer 
INFO: [Synth 8-6157] synthesizing module 'plic_target_binary_search__parameterized0' [F:/Work/risv32KC2/hdl/rtl/plic/riscv_plic.v:332]
	Parameter ARRAY_SIZE bound to: 16 - type: integer 
	Parameter PLIC_PRIO_WIDTH bound to: 3 - type: integer 
	Parameter PLIC_ID_WIDTH bound to: 5 - type: integer 
INFO: [Synth 8-6157] synthesizing module 'plic_target_binary_search__parameterized1' [F:/Work/risv32KC2/hdl/rtl/plic/riscv_plic.v:332]
	Parameter ARRAY_SIZE bound to: 8 - type: integer 
	Parameter PLIC_PRIO_WIDTH bound to: 3 - type: integer 
	Parameter PLIC_ID_WIDTH bound to: 5 - type: integer 
INFO: [Synth 8-6157] synthesizing module 'plic_target_binary_search__parameterized2' [F:/Work/risv32KC2/hdl/rtl/plic/riscv_plic.v:332]
	Parameter ARRAY_SIZE bound to: 4 - type: integer 
	Parameter PLIC_PRIO_WIDTH bound to: 3 - type: integer 
	Parameter PLIC_ID_WIDTH bound to: 5 - type: integer 
INFO: [Synth 8-6157] synthesizing module 'plic_target_binary_search__parameterized3' [F:/Work/risv32KC2/hdl/rtl/plic/riscv_plic.v:332]
	Parameter ARRAY_SIZE bound to: 2 - type: integer 
	Parameter PLIC_PRIO_WIDTH bound to: 3 - type: integer 
	Parameter PLIC_ID_WIDTH bound to: 5 - type: integer 
INFO: [Synth 8-6155] done synthesizing module 'plic_target_binary_search__parameterized3' (0#1) [F:/Work/risv32KC2/hdl/rtl/plic/riscv_plic.v:332]
INFO: [Synth 8-6155] done synthesizing module 'plic_target_binary_search__parameterized2' (0#1) [F:/Work/risv32KC2/hdl/rtl/plic/riscv_plic.v:332]
INFO: [Synth 8-6155] done synthesizing module 'plic_target_binary_search__parameterized1' (0#1) [F:/Work/risv32KC2/hdl/rtl/plic/riscv_plic.v:332]
INFO: [Synth 8-6155] done synthesizing module 'plic_target_binary_search__parameterized0' (0#1) [F:/Work/risv32KC2/hdl/rtl/plic/riscv_plic.v:332]
INFO: [Synth 8-6155] done synthesizing module 'plic_target_binary_search' (0#1) [F:/Work/risv32KC2/hdl/rtl/plic/riscv_plic.v:332]
INFO: [Synth 8-6155] done synthesizing module 'plic_target' (0#1) [F:/Work/risv32KC2/hdl/rtl/plic/riscv_plic.v:281]
INFO: [Synth 8-6157] synthesizing module 'plic_Gateways' [F:/Work/risv32KC2/hdl/rtl/plic/riscv_plic.v:236]
	Parameter PLIC_NUM bound to: 32 - type: integer 
INFO: [Synth 8-6155] done synthesizing module 'plic_Gateways' (0#1) [F:/Work/risv32KC2/hdl/rtl/plic/riscv_plic.v:236]
INFO: [Synth 8-6155] done synthesizing module 'riscv_plic' (0#1) [F:/Work/risv32KC2/hdl/rtl/plic/riscv_plic.v:1]
INFO: [Synth 8-6155] done synthesizing module 'axi_riscv_plic' (0#1) [F:/Work/risv32KC2/hdl/rtl/plic/axi_riscv_plic.v:3]
INFO: [Synth 8-6155] done synthesizing module 'riscv32KC2_system' (0#1) [F:/Work/risv32KC2/hdl/rtl/riscv32KC2_system/riscv32KC2_system.v:8]
INFO: [Synth 8-6155] done synthesizing module 'riscv32KC2_fpga' (0#1) [F:/Work/risv32KC2/hdl/rtl/riscv32KC2_system/riscv32KC2_fpga.v:12]
WARNING: [Synth 8-6014] Unused sequential element r_stopcount_reg was removed.  [F:/Work/risv32KC2/hdl/rtl/riscv_core/riscv_csr.v:246]
WARNING: [Synth 8-3848] Net s_axi_awready in module/entity axi_lite_mux2 does not have driver. [F:/Work/risv32KC2/hdl/rtl/bus/axi_lite_mux2.v:15]
WARNING: [Synth 8-3848] Net s_axi_wready in module/entity axi_lite_mux2 does not have driver. [F:/Work/risv32KC2/hdl/rtl/bus/axi_lite_mux2.v:22]
WARNING: [Synth 8-3848] Net s_axi_bresp in module/entity axi_lite_mux2 does not have driver. [F:/Work/risv32KC2/hdl/rtl/bus/axi_lite_mux2.v:25]
WARNING: [Synth 8-3848] Net s_axi_bvalid in module/entity axi_lite_mux2 does not have driver. [F:/Work/risv32KC2/hdl/rtl/bus/axi_lite_mux2.v:26]
WARNING: [Synth 8-3848] Net m_axi_awaddr in module/entity axi_lite_mux2 does not have driver. [F:/Work/risv32KC2/hdl/rtl/bus/axi_lite_mux2.v:46]
WARNING: [Synth 8-3848] Net m_axi_awlen in module/entity axi_lite_mux2 does not have driver. [F:/Work/risv32KC2/hdl/rtl/bus/axi_lite_mux2.v:47]
WARNING: [Synth 8-3848] Net m_axi_awsize in module/entity axi_lite_mux2 does not have driver. [F:/Work/risv32KC2/hdl/rtl/bus/axi_lite_mux2.v:48]
WARNING: [Synth 8-3848] Net m_axi_awburst in module/entity axi_lite_mux2 does not have driver. [F:/Work/risv32KC2/hdl/rtl/bus/axi_lite_mux2.v:49]
WARNING: [Synth 8-3848] Net m_axi_awvalid in module/entity axi_lite_mux2 does not have driver. [F:/Work/risv32KC2/hdl/rtl/bus/axi_lite_mux2.v:50]
WARNING: [Synth 8-3848] Net m_axi_wdata in module/entity axi_lite_mux2 does not have driver. [F:/Work/risv32KC2/hdl/rtl/bus/axi_lite_mux2.v:54]
WARNING: [Synth 8-3848] Net m_axi_wstrb in module/entity axi_lite_mux2 does not have driver. [F:/Work/risv32KC2/hdl/rtl/bus/axi_lite_mux2.v:55]
WARNING: [Synth 8-3848] Net m_axi_wlast in module/entity axi_lite_mux2 does not have driver. [F:/Work/risv32KC2/hdl/rtl/bus/axi_lite_mux2.v:56]
WARNING: [Synth 8-3848] Net m_axi_wvalid in module/entity axi_lite_mux2 does not have driver. [F:/Work/risv32KC2/hdl/rtl/bus/axi_lite_mux2.v:57]
WARNING: [Synth 8-3848] Net m_axi_bready in module/entity axi_lite_mux2 does not have driver. [F:/Work/risv32KC2/hdl/rtl/bus/axi_lite_mux2.v:63]
WARNING: [Synth 8-6014] Unused sequential element dtmcs_reg_reg was removed.  [F:/Work/risv32KC2/hdl/rtl/debug_module/riscv_jtag_dtm.v:301]
WARNING: [Synth 8-7129] Port s_axi_awsize[2] in module axi_slv_to_dev_inf is either unconnected or has no load
WARNING: [Synth 8-7129] Port s_axi_awsize[1] in module axi_slv_to_dev_inf is either unconnected or has no load
WARNING: [Synth 8-7129] Port s_axi_awsize[0] in module axi_slv_to_dev_inf is either unconnected or has no load
WARNING: [Synth 8-7129] Port s_axi_wstrb[3] in module axi_slv_to_dev_inf is either unconnected or has no load
WARNING: [Synth 8-7129] Port s_axi_wstrb[2] in module axi_slv_to_dev_inf is either unconnected or has no load
WARNING: [Synth 8-7129] Port s_axi_wstrb[1] in module axi_slv_to_dev_inf is either unconnected or has no load
WARNING: [Synth 8-7129] Port s_axi_wstrb[0] in module axi_slv_to_dev_inf is either unconnected or has no load
WARNING: [Synth 8-7129] Port s_axi_arsize[2] in module axi_slv_to_dev_inf is either unconnected or has no load
WARNING: [Synth 8-7129] Port s_axi_arsize[1] in module axi_slv_to_dev_inf is either unconnected or has no load
WARNING: [Synth 8-7129] Port s_axi_arsize[0] in module axi_slv_to_dev_inf is either unconnected or has no load
WARNING: [Synth 8-7129] Port s_axi_awsize[2] in module axi2apb_bridge is either unconnected or has no load
WARNING: [Synth 8-7129] Port s_axi_awsize[1] in module axi2apb_bridge is either unconnected or has no load
WARNING: [Synth 8-7129] Port s_axi_awsize[0] in module axi2apb_bridge is either unconnected or has no load
WARNING: [Synth 8-7129] Port s_axi_wvalid in module axi2apb_bridge is either unconnected or has no load
WARNING: [Synth 8-7129] Port s_axi_arsize[2] in module axi2apb_bridge is either unconnected or has no load
WARNING: [Synth 8-7129] Port s_axi_arsize[1] in module axi2apb_bridge is either unconnected or has no load
WARNING: [Synth 8-7129] Port s_axi_arsize[0] in module axi2apb_bridge is either unconnected or has no load
WARNING: [Synth 8-7129] Port paddr[31] in module apb_gpio is either unconnected or has no load
WARNING: [Synth 8-7129] Port paddr[30] in module apb_gpio is either unconnected or has no load
WARNING: [Synth 8-7129] Port paddr[29] in module apb_gpio is either unconnected or has no load
WARNING: [Synth 8-7129] Port paddr[28] in module apb_gpio is either unconnected or has no load
WARNING: [Synth 8-7129] Port paddr[27] in module apb_gpio is either unconnected or has no load
WARNING: [Synth 8-7129] Port paddr[26] in module apb_gpio is either unconnected or has no load
WARNING: [Synth 8-7129] Port paddr[25] in module apb_gpio is either unconnected or has no load
WARNING: [Synth 8-7129] Port paddr[24] in module apb_gpio is either unconnected or has no load
WARNING: [Synth 8-7129] Port paddr[23] in module apb_gpio is either unconnected or has no load
WARNING: [Synth 8-7129] Port paddr[22] in module apb_gpio is either unconnected or has no load
WARNING: [Synth 8-7129] Port paddr[21] in module apb_gpio is either unconnected or has no load
WARNING: [Synth 8-7129] Port paddr[20] in module apb_gpio is either unconnected or has no load
WARNING: [Synth 8-7129] Port paddr[19] in module apb_gpio is either unconnected or has no load
WARNING: [Synth 8-7129] Port paddr[18] in module apb_gpio is either unconnected or has no load
WARNING: [Synth 8-7129] Port paddr[17] in module apb_gpio is either unconnected or has no load
WARNING: [Synth 8-7129] Port paddr[16] in module apb_gpio is either unconnected or has no load
WARNING: [Synth 8-7129] Port paddr[15] in module apb_gpio is either unconnected or has no load
WARNING: [Synth 8-7129] Port paddr[14] in module apb_gpio is either unconnected or has no load
WARNING: [Synth 8-7129] Port paddr[13] in module apb_gpio is either unconnected or has no load
WARNING: [Synth 8-7129] Port paddr[12] in module apb_gpio is either unconnected or has no load
WARNING: [Synth 8-7129] Port paddr[11] in module apb_gpio is either unconnected or has no load
WARNING: [Synth 8-7129] Port paddr[10] in module apb_gpio is either unconnected or has no load
WARNING: [Synth 8-7129] Port paddr[9] in module apb_gpio is either unconnected or has no load
WARNING: [Synth 8-7129] Port paddr[8] in module apb_gpio is either unconnected or has no load
WARNING: [Synth 8-7129] Port paddr[1] in module apb_gpio is either unconnected or has no load
WARNING: [Synth 8-7129] Port paddr[0] in module apb_gpio is either unconnected or has no load
WARNING: [Synth 8-7129] Port parity_e in module uart_rx is either unconnected or has no load
WARNING: [Synth 8-7129] Port srst in module sync_fifo is either unconnected or has no load
WARNING: [Synth 8-7129] Port parity_e in module uart_tx is either unconnected or has no load
WARNING: [Synth 8-7129] Port paddr[31] in module apb_uart is either unconnected or has no load
WARNING: [Synth 8-7129] Port paddr[30] in module apb_uart is either unconnected or has no load
WARNING: [Synth 8-7129] Port paddr[29] in module apb_uart is either unconnected or has no load
WARNING: [Synth 8-7129] Port paddr[28] in module apb_uart is either unconnected or has no load
WARNING: [Synth 8-7129] Port paddr[27] in module apb_uart is either unconnected or has no load
WARNING: [Synth 8-7129] Port paddr[26] in module apb_uart is either unconnected or has no load
WARNING: [Synth 8-7129] Port paddr[25] in module apb_uart is either unconnected or has no load
WARNING: [Synth 8-7129] Port paddr[24] in module apb_uart is either unconnected or has no load
WARNING: [Synth 8-7129] Port paddr[23] in module apb_uart is either unconnected or has no load
WARNING: [Synth 8-7129] Port paddr[22] in module apb_uart is either unconnected or has no load
WARNING: [Synth 8-7129] Port paddr[21] in module apb_uart is either unconnected or has no load
WARNING: [Synth 8-7129] Port paddr[20] in module apb_uart is either unconnected or has no load
WARNING: [Synth 8-7129] Port paddr[19] in module apb_uart is either unconnected or has no load
WARNING: [Synth 8-7129] Port paddr[18] in module apb_uart is either unconnected or has no load
WARNING: [Synth 8-7129] Port paddr[17] in module apb_uart is either unconnected or has no load
WARNING: [Synth 8-7129] Port paddr[16] in module apb_uart is either unconnected or has no load
WARNING: [Synth 8-7129] Port paddr[15] in module apb_uart is either unconnected or has no load
WARNING: [Synth 8-7129] Port paddr[14] in module apb_uart is either unconnected or has no load
WARNING: [Synth 8-7129] Port paddr[13] in module apb_uart is either unconnected or has no load
WARNING: [Synth 8-7129] Port paddr[12] in module apb_uart is either unconnected or has no load
WARNING: [Synth 8-7129] Port paddr[11] in module apb_uart is either unconnected or has no load
WARNING: [Synth 8-7129] Port paddr[10] in module apb_uart is either unconnected or has no load
WARNING: [Synth 8-7129] Port paddr[9] in module apb_uart is either unconnected or has no load
WARNING: [Synth 8-7129] Port paddr[8] in module apb_uart is either unconnected or has no load
WARNING: [Synth 8-7129] Port paddr[7] in module apb_uart is either unconnected or has no load
WARNING: [Synth 8-7129] Port paddr[6] in module apb_uart is either unconnected or has no load
WARNING: [Synth 8-7129] Port paddr[5] in module apb_uart is either unconnected or has no load
WARNING: [Synth 8-7129] Port paddr[1] in module apb_uart is either unconnected or has no load
WARNING: [Synth 8-7129] Port paddr[0] in module apb_uart is either unconnected or has no load
WARNING: [Synth 8-7129] Port pwdata[31] in module apb_uart is either unconnected or has no load
WARNING: [Synth 8-7129] Port pwdata[30] in module apb_uart is either unconnected or has no load
WARNING: [Synth 8-7129] Port pwdata[29] in module apb_uart is either unconnected or has no load
WARNING: [Synth 8-7129] Port pwdata[28] in module apb_uart is either unconnected or has no load
WARNING: [Synth 8-7129] Port pwdata[27] in module apb_uart is either unconnected or has no load
WARNING: [Synth 8-7129] Port pwdata[26] in module apb_uart is either unconnected or has no load
WARNING: [Synth 8-7129] Port pwdata[25] in module apb_uart is either unconnected or has no load
WARNING: [Synth 8-7129] Port pwdata[24] in module apb_uart is either unconnected or has no load
WARNING: [Synth 8-7129] Port pwdata[23] in module apb_uart is either unconnected or has no load
WARNING: [Synth 8-7129] Port pwdata[22] in module apb_uart is either unconnected or has no load
WARNING: [Synth 8-7129] Port pwdata[21] in module apb_uart is either unconnected or has no load
WARNING: [Synth 8-7129] Port pwdata[20] in module apb_uart is either unconnected or has no load
WARNING: [Synth 8-7129] Port pwdata[19] in module apb_uart is either unconnected or has no load
WARNING: [Synth 8-7129] Port pwdata[18] in module apb_uart is either unconnected or has no load
WARNING: [Synth 8-7129] Port pwdata[17] in module apb_uart is either unconnected or has no load
WARNING: [Synth 8-7129] Port pwdata[16] in module apb_uart is either unconnected or has no load
WARNING: [Synth 8-7129] Port clk in module apb_decoder is either unconnected or has no load
WARNING: [Synth 8-7129] Port rst_n in module apb_decoder is either unconnected or has no load
WARNING: [Synth 8-7129] Port clk in module mrom is either unconnected or has no load
WARNING: [Synth 8-7129] Port m_apb_paddr[31] in module dm_mem is either unconnected or has no load
WARNING: [Synth 8-7129] Port m_apb_paddr[30] in module dm_mem is either unconnected or has no load
WARNING: [Synth 8-7129] Port m_apb_paddr[29] in module dm_mem is either unconnected or has no load
WARNING: [Synth 8-7129] Port m_apb_paddr[28] in module dm_mem is either unconnected or has no load
WARNING: [Synth 8-7129] Port m_apb_paddr[27] in module dm_mem is either unconnected or has no load
WARNING: [Synth 8-7129] Port m_apb_paddr[26] in module dm_mem is either unconnected or has no load
INFO: [Common 17-14] Message 'Synth 8-7129' appears 100 times and further instances of the messages will be disabled. Use the Tcl command set_msg_config to change the current settings.
---------------------------------------------------------------------------------
Finished RTL Elaboration : Time (s): cpu = 00:00:07 ; elapsed = 00:00:11 . Memory (MB): peak = 1505.680 ; gain = 732.156
---------------------------------------------------------------------------------
---------------------------------------------------------------------------------
Start Handling Custom Attributes
---------------------------------------------------------------------------------
---------------------------------------------------------------------------------
Finished Handling Custom Attributes : Time (s): cpu = 00:00:08 ; elapsed = 00:00:11 . Memory (MB): peak = 1505.680 ; gain = 732.156
---------------------------------------------------------------------------------
---------------------------------------------------------------------------------
Finished RTL Optimization Phase 1 : Time (s): cpu = 00:00:08 ; elapsed = 00:00:11 . Memory (MB): peak = 1505.680 ; gain = 732.156
---------------------------------------------------------------------------------
Netlist sorting complete. Time (s): cpu = 00:00:01 ; elapsed = 00:00:00.424 . Memory (MB): peak = 1505.680 ; gain = 0.000
INFO: [Project 1-570] Preparing netlist for logic optimization

Processing XDC Constraints
Initializing timing engine
Parsing XDC File [f:/Work/risv32KC2/hdl/fpga/riscv32KC2.gen/sources_1/ip/riscv32KC2_fpga_pll_1/riscv32KC2_fpga_pll/riscv32KC2_fpga_pll_in_context.xdc] for cell 'u_pll'
Finished Parsing XDC File [f:/Work/risv32KC2/hdl/fpga/riscv32KC2.gen/sources_1/ip/riscv32KC2_fpga_pll_1/riscv32KC2_fpga_pll/riscv32KC2_fpga_pll_in_context.xdc] for cell 'u_pll'
Parsing XDC File [F:/Work/risv32KC2/hdl/fpga/riscv32KC2.srcs/constrs_1/new/riscv32KC2.xdc]
WARNING: [Constraints 18-619] A clock with name 'fpga_clk' already exists, overwriting the previous clock with the same name. [F:/Work/risv32KC2/hdl/fpga/riscv32KC2.srcs/constrs_1/new/riscv32KC2.xdc:2]
WARNING: [Vivado 12-507] No nets matched 'jtag_tck_IBUF'. [F:/Work/risv32KC2/hdl/fpga/riscv32KC2.srcs/constrs_1/new/riscv32KC2.xdc:4]
WARNING: [Vivado 12-508] No pins matched 'u_pll/inst/mmcm_adv_inst/CLKIN1'. [F:/Work/risv32KC2/hdl/fpga/riscv32KC2.srcs/constrs_1/new/riscv32KC2.xdc:5]
WARNING: [Vivado 12-508] No pins matched 'u_pll/inst/mmcm_adv_inst/CLKOUT0'. [F:/Work/risv32KC2/hdl/fpga/riscv32KC2.srcs/constrs_1/new/riscv32KC2.xdc:5]
WARNING: [Vivado 12-508] No pins matched 'u_pll/inst/mmcm_adv_inst/CLKIN1'. [F:/Work/risv32KC2/hdl/fpga/riscv32KC2.srcs/constrs_1/new/riscv32KC2.xdc:6]
WARNING: [Vivado 12-508] No pins matched 'u_pll/inst/mmcm_adv_inst/CLKOUT1'. [F:/Work/risv32KC2/hdl/fpga/riscv32KC2.srcs/constrs_1/new/riscv32KC2.xdc:6]
INFO: [Vivado 12-2286] Implicit search of objects for pattern 'fpga_rst_n' matched to 'port' objects. [F:/Work/risv32KC2/hdl/fpga/riscv32KC2.srcs/constrs_1/new/riscv32KC2.xdc:7]
Resolution: To avoid ambiguous patterns, provide proper objects using get commands e.g. [get_nets xyz].
WARNING: [Vivado 12-627] No clocks matched 'sys_clk'. [F:/Work/risv32KC2/hdl/fpga/riscv32KC2.srcs/constrs_1/new/riscv32KC2.xdc:8]
INFO: [Vivado 12-626] No clocks found. Please use 'create_clock' or 'create_generated_clock' command to create clocks. [F:/Work/risv32KC2/hdl/fpga/riscv32KC2.srcs/constrs_1/new/riscv32KC2.xdc:8]
WARNING: [Vivado 12-627] No clocks matched 'sys_clk'. [F:/Work/risv32KC2/hdl/fpga/riscv32KC2.srcs/constrs_1/new/riscv32KC2.xdc:9]
INFO: [Vivado 12-626] No clocks found. Please use 'create_clock' or 'create_generated_clock' command to create clocks. [F:/Work/risv32KC2/hdl/fpga/riscv32KC2.srcs/constrs_1/new/riscv32KC2.xdc:9]
WARNING: [Vivado 12-627] No clocks matched 'sys_clk'. [F:/Work/risv32KC2/hdl/fpga/riscv32KC2.srcs/constrs_1/new/riscv32KC2.xdc:10]
INFO: [Vivado 12-626] No clocks found. Please use 'create_clock' or 'create_generated_clock' command to create clocks. [F:/Work/risv32KC2/hdl/fpga/riscv32KC2.srcs/constrs_1/new/riscv32KC2.xdc:10]
WARNING: [Vivado 12-627] No clocks matched 'lfclk'. [F:/Work/risv32KC2/hdl/fpga/riscv32KC2.srcs/constrs_1/new/riscv32KC2.xdc:10]
INFO: [Vivado 12-626] No clocks found. Please use 'create_clock' or 'create_generated_clock' command to create clocks. [F:/Work/risv32KC2/hdl/fpga/riscv32KC2.srcs/constrs_1/new/riscv32KC2.xdc:10]
WARNING: [Vivado 12-627] No clocks matched 'lfclk'. [F:/Work/risv32KC2/hdl/fpga/riscv32KC2.srcs/constrs_1/new/riscv32KC2.xdc:11]
INFO: [Vivado 12-626] No clocks found. Please use 'create_clock' or 'create_generated_clock' command to create clocks. [F:/Work/risv32KC2/hdl/fpga/riscv32KC2.srcs/constrs_1/new/riscv32KC2.xdc:11]
WARNING: [Vivado 12-627] No clocks matched 'sys_clk'. [F:/Work/risv32KC2/hdl/fpga/riscv32KC2.srcs/constrs_1/new/riscv32KC2.xdc:11]
INFO: [Vivado 12-626] No clocks found. Please use 'create_clock' or 'create_generated_clock' command to create clocks. [F:/Work/risv32KC2/hdl/fpga/riscv32KC2.srcs/constrs_1/new/riscv32KC2.xdc:11]
INFO: [Constraints 18-632] set_output_delay: No clock object specified, the clocks will be automatically identified [F:/Work/risv32KC2/hdl/fpga/riscv32KC2.srcs/constrs_1/new/riscv32KC2.xdc:47]
INFO: [Constraints 18-632] set_output_delay: No clock object specified, the clocks will be automatically identified [F:/Work/risv32KC2/hdl/fpga/riscv32KC2.srcs/constrs_1/new/riscv32KC2.xdc:51]
INFO: [Constraints 18-632] set_input_delay: No clock object specified, the clocks will be automatically identified [F:/Work/risv32KC2/hdl/fpga/riscv32KC2.srcs/constrs_1/new/riscv32KC2.xdc:52]
INFO: [Constraints 18-632] set_input_delay: No clock object specified, the clocks will be automatically identified [F:/Work/risv32KC2/hdl/fpga/riscv32KC2.srcs/constrs_1/new/riscv32KC2.xdc:53]
INFO: [Constraints 18-632] set_input_delay: No clock object specified, the clocks will be automatically identified [F:/Work/risv32KC2/hdl/fpga/riscv32KC2.srcs/constrs_1/new/riscv32KC2.xdc:54]
Finished Parsing XDC File [F:/Work/risv32KC2/hdl/fpga/riscv32KC2.srcs/constrs_1/new/riscv32KC2.xdc]
WARNING: [Project 1-498] One or more constraints failed evaluation while reading constraint file [F:/Work/risv32KC2/hdl/fpga/riscv32KC2.srcs/constrs_1/new/riscv32KC2.xdc] and the design contains unresolved black boxes. These constraints will be read post-synthesis (as long as their source constraint file is marked as used_in_implementation) and should be applied correctly then. You should review the constraints listed in the file [.Xil/riscv32KC2_fpga_propImpl.xdc] and check the run log file to verify that these constraints were correctly applied.
INFO: [Project 1-236] Implementation specific constraints were found while reading constraint file [F:/Work/risv32KC2/hdl/fpga/riscv32KC2.srcs/constrs_1/new/riscv32KC2.xdc]. These constraints will be ignored for synthesis but will be used in implementation. Impacted constraints are listed in the file [.Xil/riscv32KC2_fpga_propImpl.xdc].
Resolution: To avoid this warning, move constraints listed in [.Xil/riscv32KC2_fpga_propImpl.xdc] to another XDC file and exclude this new file from synthesis with the used_in_synthesis property (File Properties dialog in GUI) and re-run elaboration/synthesis.
Parsing XDC File [F:/Work/risv32KC2/hdl/fpga/riscv32KC2.runs/synth_1/dont_touch.xdc]
Finished Parsing XDC File [F:/Work/risv32KC2/hdl/fpga/riscv32KC2.runs/synth_1/dont_touch.xdc]
Completed Processing XDC Constraints

Netlist sorting complete. Time (s): cpu = 00:00:00 ; elapsed = 00:00:00.006 . Memory (MB): peak = 1605.062 ; gain = 0.000
INFO: [Project 1-111] Unisim Transformation Summary:
No Unisim elements were transformed.

Constraint Validation Runtime : Time (s): cpu = 00:00:00 ; elapsed = 00:00:00.123 . Memory (MB): peak = 1605.062 ; gain = 0.000
INFO: [Designutils 20-5440] No compile time benefit to using incremental synthesis; A full resynthesis will be run
INFO: [Designutils 20-4379] Flow is switching to default flow due to incremental criteria not met. If you would like to alter this behaviour and have the flow terminate instead, please set the following parameter config_implementation {autoIncr.Synth.RejectBehavior Terminate}
---------------------------------------------------------------------------------
Finished Constraint Validation : Time (s): cpu = 00:00:18 ; elapsed = 00:00:25 . Memory (MB): peak = 1605.062 ; gain = 831.539
---------------------------------------------------------------------------------
---------------------------------------------------------------------------------
Start Loading Part and Timing Information
---------------------------------------------------------------------------------
Loading part: xc7a200tsbg484-1
---------------------------------------------------------------------------------
Finished Loading Part and Timing Information : Time (s): cpu = 00:00:18 ; elapsed = 00:00:25 . Memory (MB): peak = 1605.062 ; gain = 831.539
---------------------------------------------------------------------------------
---------------------------------------------------------------------------------
Start Applying 'set_property' XDC Constraints
---------------------------------------------------------------------------------
---------------------------------------------------------------------------------
Finished applying 'set_property' XDC Constraints : Time (s): cpu = 00:00:18 ; elapsed = 00:00:25 . Memory (MB): peak = 1605.062 ; gain = 831.539
---------------------------------------------------------------------------------
INFO: [Synth 8-802] inferred FSM for state register 'state_reg' in module 'div_r4'
INFO: [Synth 8-802] inferred FSM for state register 'state_reg' in module 'read_req_to_axi'
INFO: [Synth 8-802] inferred FSM for state register 'state_reg' in module 'write_req_to_axi'
INFO: [Synth 8-802] inferred FSM for state register 'tap_state_reg' in module 'riscv_jtag_dtm'
INFO: [Synth 8-802] inferred FSM for state register 'state_reg' in module 'dm_mem'
INFO: [Synth 8-802] inferred FSM for state register 'state_reg' in module 'axi2apb_bridge'
INFO: [Synth 8-802] inferred FSM for state register 'state_reg' in module 'uart_tx'
INFO: [Synth 8-802] inferred FSM for state register 'state_reg' in module 'uart_rx'
INFO: [Synth 8-802] inferred FSM for state register 'state_reg' in module 'axi_slv_to_dev_inf'
---------------------------------------------------------------------------------------------------
                   State |                     New Encoding |                Previous Encoding 
---------------------------------------------------------------------------------------------------
                    IDLE |                             0001 |                               00
                    INIT |                             0010 |                               01
                    LOOP |                             0100 |                               10
                    POST |                             1000 |                               11
---------------------------------------------------------------------------------------------------
INFO: [Synth 8-3354] encoded FSM with state register 'state_reg' using encoding 'one-hot' in module 'div_r4'
---------------------------------------------------------------------------------------------------
                   State |                     New Encoding |                Previous Encoding 
---------------------------------------------------------------------------------------------------
                  iSTATE |                               01 |                               00
*
                STATE_AR |                               00 |                               01
                 STATE_R |                               11 |                               10
              STATE_HOLD |                               10 |                               11
---------------------------------------------------------------------------------------------------
INFO: [Synth 8-3354] encoded FSM with state register 'state_reg' using encoding 'sequential' in module 'read_req_to_axi'
---------------------------------------------------------------------------------------------------
                   State |                     New Encoding |                Previous Encoding 
---------------------------------------------------------------------------------------------------
              STATE_IDLE |                             0010 |                               00
          STATE_WRITE_AW |                             1000 |                               01
           STATE_WRITE_W |                             0100 |                               10
           STATE_WRITE_B |                             0001 |                               11
---------------------------------------------------------------------------------------------------
INFO: [Synth 8-3354] encoded FSM with state register 'state_reg' using encoding 'one-hot' in module 'write_req_to_axi'
WARNING: [Synth 8-6430] The Block RAM "ram_model:/memory[1].non_last.mem_reg" may get memory collision error if read and write address collide. Use attribute (* rw_addr_collision= "yes" *) to avoid collision 
---------------------------------------------------------------------------------------------------
                   State |                     New Encoding |                Previous Encoding 
---------------------------------------------------------------------------------------------------
        TEST_LOGIC_RESET |                 0000000000000001 |                             0000
           RUN_TEST_IDLE |                 0000000000000010 |                             0001
          SELECT_DR_SCAN |                 0000000000000100 |                             0010
          SELECT_IR_SCAN |                 0000000000001000 |                             1001
              CAPTURE_IR |                 0000000000010000 |                             1010
                SHIFT_IR |                 0000000000100000 |                             1011
                EXIT1_IR |                 0000000001000000 |                             1100
                PAUSE_IR |                 0000000010000000 |                             1101
                EXIT2_IR |                 0000000100000000 |                             1110
               UPDATE_IR |                 0000001000000000 |                             1111
              CAPTURE_DR |                 0000010000000000 |                             0011
                SHIFT_DR |                 0000100000000000 |                             0100
                EXIT1_DR |                 0001000000000000 |                             0101
                PAUSE_DR |                 0010000000000000 |                             0110
                EXIT2_DR |                 0100000000000000 |                             0111
               UPDATE_DR |                 1000000000000000 |                             1000
---------------------------------------------------------------------------------------------------
INFO: [Synth 8-3354] encoded FSM with state register 'tap_state_reg' using encoding 'one-hot' in module 'riscv_jtag_dtm'
---------------------------------------------------------------------------------------------------
                   State |                     New Encoding |                Previous Encoding 
---------------------------------------------------------------------------------------------------
                  iSTATE |                               00 |                               00
*
                    S_GO |                               01 |                               10
                S_CMDEXE |                               10 |                               11
                S_RESUME |                               11 |                               01
---------------------------------------------------------------------------------------------------
INFO: [Synth 8-3354] encoded FSM with state register 'state_reg' using encoding 'sequential' in module 'dm_mem'
---------------------------------------------------------------------------------------------------
                   State |                     New Encoding |                Previous Encoding 
---------------------------------------------------------------------------------------------------
              STATE_IDLE |                              000 |                              000
           STATE_READ_AR |                              101 |                              001
            STATE_READ_R |                              100 |                              010
          STATE_WRITE_AW |                              011 |                              011
           STATE_WRITE_W |                              010 |                              100
           STATE_WRITE_B |                              001 |                              101
---------------------------------------------------------------------------------------------------
INFO: [Synth 8-3354] encoded FSM with state register 'state_reg' using encoding 'sequential' in module 'axi2apb_bridge'
---------------------------------------------------------------------------------------------------
                   State |                     New Encoding |                Previous Encoding 
---------------------------------------------------------------------------------------------------
                  S_IDLE |                             0010 |                               00
                  S_DATA |                             1000 |                               01
                S_PARITY |                             0100 |                               10
                  S_STOP |                             0001 |                               11
---------------------------------------------------------------------------------------------------
INFO: [Synth 8-3354] encoded FSM with state register 'state_reg' using encoding 'one-hot' in module 'uart_tx'
---------------------------------------------------------------------------------------------------
                   State |                     New Encoding |                Previous Encoding 
---------------------------------------------------------------------------------------------------
                  S_IDLE |                             0010 |                               00
                  S_DATA |                             1000 |                               01
                S_PARITY |                             0100 |                               10
                  S_STOP |                             0001 |                               11
---------------------------------------------------------------------------------------------------
INFO: [Synth 8-3354] encoded FSM with state register 'state_reg' using encoding 'one-hot' in module 'uart_rx'
---------------------------------------------------------------------------------------------------
                   State |                     New Encoding |                Previous Encoding 
---------------------------------------------------------------------------------------------------
                    IDLE |                               00 |                              000
                 WR_DATA |                               11 |                              001
                 WR_RESP |                               10 |                              010
                 RD_DATA |                               01 |                              011
---------------------------------------------------------------------------------------------------
INFO: [Synth 8-3354] encoded FSM with state register 'state_reg' using encoding 'sequential' in module 'axi_slv_to_dev_inf'
---------------------------------------------------------------------------------
Finished RTL Optimization Phase 2 : Time (s): cpu = 00:00:21 ; elapsed = 00:00:30 . Memory (MB): peak = 1605.062 ; gain = 831.539
---------------------------------------------------------------------------------
RAM Pipeline Warning: Read Address Register Found For RAM memory[1].non_last.mem_reg. We will not be able to pipeline it. This may degrade performance. 
RAM Pipeline Warning: Read Address Register Found For RAM memory[1].non_last.mem_reg. We will not be able to pipeline it. This may degrade performance. 
---------------------------------------------------------------------------------
Start RTL Component Statistics 
---------------------------------------------------------------------------------
Detailed RTL Component Info : 
+---Adders : 
	   2 Input   66 Bit       Adders := 8     
	   9 Input   66 Bit       Adders := 1     
	   2 Input   64 Bit       Adders := 1     
	   2 Input   34 Bit       Adders := 1     
	   2 Input   32 Bit       Adders := 14    
	   3 Input   32 Bit       Adders := 4     
	   2 Input    8 Bit       Adders := 1     
	   2 Input    5 Bit       Adders := 1     
	   2 Input    4 Bit       Adders := 10    
+---XORs : 
	   2 Input     32 Bit         XORs := 2     
	   2 Input      1 Bit         XORs := 1     
+---Registers : 
	               81 Bit    Registers := 1     
	               66 Bit    Registers := 9     
	               65 Bit    Registers := 1     
	               64 Bit    Registers := 2     
	               41 Bit    Registers := 4     
	               34 Bit    Registers := 3     
	               33 Bit    Registers := 1     
	               32 Bit    Registers := 101   
	               24 Bit    Registers := 1     
	               20 Bit    Registers := 1     
	               16 Bit    Registers := 1     
	               15 Bit    Registers := 1     
	               12 Bit    Registers := 2     
	                9 Bit    Registers := 2     
	                8 Bit    Registers := 6     
	                5 Bit    Registers := 3     
	                4 Bit    Registers := 9     
	                3 Bit    Registers := 39    
	                2 Bit    Registers := 10    
	                1 Bit    Registers := 160   
+---RAMs : 
	             128K Bit	(4096 X 32 bit)          RAMs := 2     
	              128 Bit	(16 X 8 bit)          RAMs := 2     
+---Muxes : 
	   2 Input   81 Bit        Muxes := 1     
	   2 Input   65 Bit        Muxes := 1     
	   2 Input   64 Bit        Muxes := 4     
	   2 Input   41 Bit        Muxes := 2     
	   4 Input   41 Bit        Muxes := 1     
	   5 Input   34 Bit        Muxes := 34    
	   2 Input   33 Bit        Muxes := 2     
	   2 Input   32 Bit        Muxes := 122   
	   4 Input   32 Bit        Muxes := 34    
	  13 Input   32 Bit        Muxes := 1     
	   5 Input   32 Bit        Muxes := 3     
	   8 Input   32 Bit        Muxes := 3     
	   3 Input   32 Bit        Muxes := 2     
	   3 Input   31 Bit        Muxes := 1     
	   2 Input   31 Bit        Muxes := 5     
	   4 Input   31 Bit        Muxes := 1     
	   2 Input   26 Bit        Muxes := 1     
	   2 Input   24 Bit        Muxes := 1     
	   3 Input   21 Bit        Muxes := 1     
	   2 Input   20 Bit        Muxes := 1     
	  16 Input   16 Bit        Muxes := 1     
	   2 Input   16 Bit        Muxes := 16    
	   2 Input   15 Bit        Muxes := 1     
	   2 Input    9 Bit        Muxes := 2     
	   2 Input    8 Bit        Muxes := 7     
	   3 Input    8 Bit        Muxes := 2     
	   8 Input    7 Bit        Muxes := 1     
	   4 Input    7 Bit        Muxes := 1     
	   2 Input    7 Bit        Muxes := 2     
	   2 Input    6 Bit        Muxes := 1     
	   5 Input    6 Bit        Muxes := 1     
	   4 Input    6 Bit        Muxes := 1     
	   4 Input    5 Bit        Muxes := 9     
	   2 Input    5 Bit        Muxes := 54    
	   5 Input    5 Bit        Muxes := 3     
	   8 Input    5 Bit        Muxes := 1     
	   6 Input    4 Bit        Muxes := 1     
	   9 Input    4 Bit        Muxes := 1     
	   2 Input    4 Bit        Muxes := 16    
	   8 Input    4 Bit        Muxes := 1     
	   4 Input    4 Bit        Muxes := 3     
	   4 Input    3 Bit        Muxes := 2     
	   8 Input    3 Bit        Muxes := 2     
	   2 Input    3 Bit        Muxes := 84    
	   3 Input    3 Bit        Muxes := 2     
	   6 Input    3 Bit        Muxes := 2     
	   2 Input    2 Bit        Muxes := 24    
	   5 Input    2 Bit        Muxes := 1     
	   4 Input    2 Bit        Muxes := 7     
	   3 Input    2 Bit        Muxes := 6     
	   3 Input    1 Bit        Muxes := 11    
	   4 Input    1 Bit        Muxes := 12    
	   2 Input    1 Bit        Muxes := 254   
	   8 Input    1 Bit        Muxes := 1     
	   5 Input    1 Bit        Muxes := 2     
---------------------------------------------------------------------------------
Finished RTL Component Statistics 
---------------------------------------------------------------------------------
---------------------------------------------------------------------------------
Start Part Resource Summary
---------------------------------------------------------------------------------
Part Resources:
DSPs: 740 (col length:100)
BRAMs: 730 (col length: RAMB18 100 RAMB36 50)
---------------------------------------------------------------------------------
Finished Part Resource Summary
---------------------------------------------------------------------------------
---------------------------------------------------------------------------------
Start Cross Boundary and Area Optimization
---------------------------------------------------------------------------------
RAM Pipeline Warning: Read Address Register Found For RAM u_dram_sram/memory[1].non_last.mem_reg. We will not be able to pipeline it. This may degrade performance. 
RAM Pipeline Warning: Read Address Register Found For RAM u_dram_sram/memory[1].non_last.mem_reg. We will not be able to pipeline it. This may degrade performance. 
RAM Pipeline Warning: Read Address Register Found For RAM u_dram_sram/memory[1].non_last.mem_reg. We will not be able to pipeline it. This may degrade performance. 
WARNING: [Synth 8-6430] The Block RAM "riscv32KC2_fpga/u_dram_sram/memory[1].non_last.mem_reg" may get memory collision error if read and write address collide. Use attribute (* rw_addr_collision= "yes" *) to avoid collision 
RAM Pipeline Warning: Read Address Register Found For RAM u_iram_sram/memory[1].non_last.mem_reg. We will not be able to pipeline it. This may degrade performance. 
RAM Pipeline Warning: Read Address Register Found For RAM u_iram_sram/memory[1].non_last.mem_reg. We will not be able to pipeline it. This may degrade performance. 
RAM Pipeline Warning: Read Address Register Found For RAM u_iram_sram/memory[1].non_last.mem_reg. We will not be able to pipeline it. This may degrade performance. 
WARNING: [Synth 8-6430] The Block RAM "riscv32KC2_fpga/u_iram_sram/memory[1].non_last.mem_reg" may get memory collision error if read and write address collide. Use attribute (* rw_addr_collision= "yes" *) to avoid collision 
INFO: [Synth 8-12589] Found 8 bits of RAM  (u_systemi_3/u_peripheral/i_19) with no load. RAM width may be reduced from 9 to 1 
RAM Pipeline Warning: Read Address Register Found For RAM u_dram_sram/memory[1].non_last.mem_reg. We will not be able to pipeline it. This may degrade performance. 
RAM Pipeline Warning: Read Address Register Found For RAM u_iram_sram/memory[1].non_last.mem_reg. We will not be able to pipeline it. This may degrade performance. 
WARNING: [Synth 8-3332] Sequential element (u_uart/u_tx/FSM_onehot_state_reg[2]) is unused and will be removed from module riscv32KC2_peripheral.
WARNING: [Synth 8-3332] Sequential element (u_uart/u_rx/FSM_onehot_state_reg[2]) is unused and will be removed from module riscv32KC2_peripheral.
---------------------------------------------------------------------------------
Finished Cross Boundary and Area Optimization : Time (s): cpu = 00:01:30 ; elapsed = 00:02:06 . Memory (MB): peak = 1758.387 ; gain = 984.863
---------------------------------------------------------------------------------
---------------------------------------------------------------------------------
Start ROM, RAM, DSP, Shift Register and Retiming Reporting
---------------------------------------------------------------------------------

Block RAM: Preliminary Mapping Report (see note below)
+----------------+----------------------------------------+------------------------+---+---+------------------------+---+---+------------------+--------+--------+
|Module Name     | RTL Object                             | PORT A (Depth x Width) | W | R | PORT B (Depth x Width) | W | R | Ports driving FF | RAMB18 | RAMB36 | 
+----------------+----------------------------------------+------------------------+---+---+------------------------+---+---+------------------+--------+--------+
|riscv32KC2_fpga | u_dram_sram/memory[1].non_last.mem_reg | 4 K x 32(READ_FIRST)   | W |   | 4 K x 32(WRITE_FIRST)  |   | R | Port A and B     | 0      | 4      | 
|riscv32KC2_fpga | u_iram_sram/memory[1].non_last.mem_reg | 4 K x 32(READ_FIRST)   | W |   | 4 K x 32(WRITE_FIRST)  |   | R | Port A and B     | 0      | 4      | 
+----------------+----------------------------------------+------------------------+---+---+------------------------+---+---+------------------+--------+--------+

Note: The table above is a preliminary report that shows the Block RAMs at the current stage of the synthesis flow. Some Block RAMs may be reimplemented as non Block RAM primitives later in the synthesis flow. Multiple instantiated Block RAMs are reported only once. 

Distributed RAM: Preliminary Mapping Report (see note below)
+-------------------------+--------------------------+-----------+----------------------+-------------+
|Module Name              | RTL Object               | Inference | Size (Depth x Width) | Primitives  | 
+-------------------------+--------------------------+-----------+----------------------+-------------+
|u_systemi_3/u_peripheral | u_uart/u_tx_fifo/mem_reg | Implied   | 16 x 8               | RAM32M x 2  | 
|u_systemi_3/u_peripheral | u_uart/u_rx_fifo/mem_reg | Implied   | 16 x 8               | RAM32M x 2  | 
+-------------------------+--------------------------+-----------+----------------------+-------------+

Note: The table above is a preliminary report that shows the Distributed RAMs at the current stage of the synthesis flow. Some Distributed RAMs may be reimplemented as non Distributed RAM primitives later in the synthesis flow. Multiple instantiated RAMs are reported only once.
---------------------------------------------------------------------------------
Finished ROM, RAM, DSP, Shift Register and Retiming Reporting
---------------------------------------------------------------------------------
---------------------------------------------------------------------------------
Start Applying XDC Timing Constraints
---------------------------------------------------------------------------------
WARNING: [Synth 8-565] redefining clock 'fpga_clk'
---------------------------------------------------------------------------------
Finished Applying XDC Timing Constraints : Time (s): cpu = 00:01:35 ; elapsed = 00:02:14 . Memory (MB): peak = 1758.387 ; gain = 984.863
---------------------------------------------------------------------------------
---------------------------------------------------------------------------------
Start Timing Optimization
---------------------------------------------------------------------------------
---------------------------------------------------------------------------------
Finished Timing Optimization : Time (s): cpu = 00:01:38 ; elapsed = 00:02:18 . Memory (MB): peak = 1758.387 ; gain = 984.863
---------------------------------------------------------------------------------
---------------------------------------------------------------------------------
Start ROM, RAM, DSP, Shift Register and Retiming Reporting
---------------------------------------------------------------------------------

Block RAM: Final Mapping Report
+----------------+----------------------------------------+------------------------+---+---+------------------------+---+---+------------------+--------+--------+
|Module Name     | RTL Object                             | PORT A (Depth x Width) | W | R | PORT B (Depth x Width) | W | R | Ports driving FF | RAMB18 | RAMB36 | 
+----------------+----------------------------------------+------------------------+---+---+------------------------+---+---+------------------+--------+--------+
|riscv32KC2_fpga | u_dram_sram/memory[1].non_last.mem_reg | 4 K x 32(READ_FIRST)   | W |   | 4 K x 32(WRITE_FIRST)  |   | R | Port A and B     | 0      | 4      | 
|riscv32KC2_fpga | u_iram_sram/memory[1].non_last.mem_reg | 4 K x 32(READ_FIRST)   | W |   | 4 K x 32(WRITE_FIRST)  |   | R | Port A and B     | 0      | 4      | 
+----------------+----------------------------------------+------------------------+---+---+------------------------+---+---+------------------+--------+--------+


Distributed RAM: Final Mapping Report
+-------------------------+--------------------------+-----------+----------------------+-------------+
|Module Name              | RTL Object               | Inference | Size (Depth x Width) | Primitives  | 
+-------------------------+--------------------------+-----------+----------------------+-------------+
|u_systemi_3/u_peripheral | u_uart/u_tx_fifo/mem_reg | Implied   | 16 x 8               | RAM32M x 2  | 
|u_systemi_3/u_peripheral | u_uart/u_rx_fifo/mem_reg | Implied   | 16 x 8               | RAM32M x 2  | 
+-------------------------+--------------------------+-----------+----------------------+-------------+

---------------------------------------------------------------------------------
Finished ROM, RAM, DSP, Shift Register and Retiming Reporting
---------------------------------------------------------------------------------
---------------------------------------------------------------------------------
Start Technology Mapping
---------------------------------------------------------------------------------
INFO: [Synth 8-7052] The timing for the instance u_system/u_riscv_core/u_dram_sram/memory[1].non_last.mem_reg_0 (implemented as a Block RAM) might be sub-optimal as no optional output register could be merged into the ram block. Providing additional output register may help in improving timing.
INFO: [Synth 8-7052] The timing for the instance u_system/u_riscv_core/u_dram_sram/memory[1].non_last.mem_reg_1 (implemented as a Block RAM) might be sub-optimal as no optional output register could be merged into the ram block. Providing additional output register may help in improving timing.
INFO: [Synth 8-7052] The timing for the instance u_system/u_riscv_core/u_dram_sram/memory[1].non_last.mem_reg_2 (implemented as a Block RAM) might be sub-optimal as no optional output register could be merged into the ram block. Providing additional output register may help in improving timing.
INFO: [Synth 8-7052] The timing for the instance u_system/u_riscv_core/u_dram_sram/memory[1].non_last.mem_reg_3 (implemented as a Block RAM) might be sub-optimal as no optional output register could be merged into the ram block. Providing additional output register may help in improving timing.
INFO: [Synth 8-7052] The timing for the instance u_system/u_riscv_core/u_iram_sram/memory[1].non_last.mem_reg_0 (implemented as a Block RAM) might be sub-optimal as no optional output register could be merged into the ram block. Providing additional output register may help in improving timing.
INFO: [Synth 8-7052] The timing for the instance u_system/u_riscv_core/u_iram_sram/memory[1].non_last.mem_reg_1 (implemented as a Block RAM) might be sub-optimal as no optional output register could be merged into the ram block. Providing additional output register may help in improving timing.
INFO: [Synth 8-7052] The timing for the instance u_system/u_riscv_core/u_iram_sram/memory[1].non_last.mem_reg_2 (implemented as a Block RAM) might be sub-optimal as no optional output register could be merged into the ram block. Providing additional output register may help in improving timing.
INFO: [Synth 8-7052] The timing for the instance u_system/u_riscv_core/u_iram_sram/memory[1].non_last.mem_reg_3 (implemented as a Block RAM) might be sub-optimal as no optional output register could be merged into the ram block. Providing additional output register may help in improving timing.
---------------------------------------------------------------------------------
Finished Technology Mapping : Time (s): cpu = 00:01:42 ; elapsed = 00:02:24 . Memory (MB): peak = 1795.867 ; gain = 1022.344
---------------------------------------------------------------------------------
---------------------------------------------------------------------------------
Start IO Insertion
---------------------------------------------------------------------------------
---------------------------------------------------------------------------------
Start Flattening Before IO Insertion
---------------------------------------------------------------------------------
---------------------------------------------------------------------------------
Finished Flattening Before IO Insertion
---------------------------------------------------------------------------------
---------------------------------------------------------------------------------
Start Final Netlist Cleanup
---------------------------------------------------------------------------------
---------------------------------------------------------------------------------
Finished Final Netlist Cleanup
---------------------------------------------------------------------------------
---------------------------------------------------------------------------------
Finished IO Insertion : Time (s): cpu = 00:01:45 ; elapsed = 00:02:29 . Memory (MB): peak = 1978.270 ; gain = 1204.746
---------------------------------------------------------------------------------
---------------------------------------------------------------------------------
Start Renaming Generated Instances
---------------------------------------------------------------------------------
---------------------------------------------------------------------------------
Finished Renaming Generated Instances : Time (s): cpu = 00:01:45 ; elapsed = 00:02:29 . Memory (MB): peak = 1978.270 ; gain = 1204.746
---------------------------------------------------------------------------------
---------------------------------------------------------------------------------
Start Rebuilding User Hierarchy
---------------------------------------------------------------------------------
---------------------------------------------------------------------------------
Finished Rebuilding User Hierarchy : Time (s): cpu = 00:01:46 ; elapsed = 00:02:31 . Memory (MB): peak = 1978.270 ; gain = 1204.746
---------------------------------------------------------------------------------
---------------------------------------------------------------------------------
Start Renaming Generated Ports
---------------------------------------------------------------------------------
---------------------------------------------------------------------------------
Finished Renaming Generated Ports : Time (s): cpu = 00:01:46 ; elapsed = 00:02:31 . Memory (MB): peak = 1978.270 ; gain = 1204.746
---------------------------------------------------------------------------------
---------------------------------------------------------------------------------
Start Handling Custom Attributes
---------------------------------------------------------------------------------
---------------------------------------------------------------------------------
Finished Handling Custom Attributes : Time (s): cpu = 00:01:47 ; elapsed = 00:02:32 . Memory (MB): peak = 1998.480 ; gain = 1224.957
---------------------------------------------------------------------------------
---------------------------------------------------------------------------------
Start Renaming Generated Nets
---------------------------------------------------------------------------------
---------------------------------------------------------------------------------
Finished Renaming Generated Nets : Time (s): cpu = 00:01:47 ; elapsed = 00:02:32 . Memory (MB): peak = 1998.480 ; gain = 1224.957
---------------------------------------------------------------------------------
---------------------------------------------------------------------------------
Start Writing Synthesis Report
---------------------------------------------------------------------------------

Report BlackBoxes: 
+------+--------------------+----------+
|      |BlackBox name       |Instances |
+------+--------------------+----------+
|1     |riscv32KC2_fpga_pll |         1|
+------+--------------------+----------+

Report Cell Usage: 
+------+--------------------+------+
|      |Cell                |Count |
+------+--------------------+------+
|1     |riscv32KC2_fpga_pll |     1|
|2     |BUFG                |     1|
|3     |CARRY4              |   478|
|4     |LUT1                |   164|
|5     |LUT2                |   794|
|6     |LUT3                |   743|
|7     |LUT4                |  1661|
|8     |LUT5                |  1059|
|9     |LUT6                |  3025|
|10    |MUXF7               |   286|
|11    |MUXF8               |    74|
|12    |RAM32M              |     2|
|13    |RAM32X1D            |     4|
|14    |RAMB36E1            |     8|
|15    |FDCE                |  3628|
|16    |FDPE                |   114|
|17    |FDRE                |   524|
|18    |FDSE                |     1|
|19    |IBUF                |     5|
|20    |IOBUF               |     4|
|21    |OBUF                |     2|
+------+--------------------+------+
---------------------------------------------------------------------------------
Finished Writing Synthesis Report : Time (s): cpu = 00:01:47 ; elapsed = 00:02:32 . Memory (MB): peak = 1998.480 ; gain = 1224.957
---------------------------------------------------------------------------------
Synthesis finished with 0 errors, 0 critical warnings and 6 warnings.
Synthesis Optimization Runtime : Time (s): cpu = 00:01:34 ; elapsed = 00:02:25 . Memory (MB): peak = 1998.480 ; gain = 1125.574
Synthesis Optimization Complete : Time (s): cpu = 00:01:47 ; elapsed = 00:02:32 . Memory (MB): peak = 1998.480 ; gain = 1224.957
INFO: [Project 1-571] Translating synthesized netlist
Netlist sorting complete. Time (s): cpu = 00:00:00 ; elapsed = 00:00:00.390 . Memory (MB): peak = 2007.703 ; gain = 0.000
INFO: [Netlist 29-17] Analyzing 856 Unisim elements for replacement
INFO: [Netlist 29-28] Unisim Transformation completed in 0 CPU seconds
INFO: [Project 1-570] Preparing netlist for logic optimization
INFO: [Opt 31-138] Pushed 0 inverter(s) to 0 load pin(s).
Netlist sorting complete. Time (s): cpu = 00:00:00 ; elapsed = 00:00:00.006 . Memory (MB): peak = 2013.973 ; gain = 0.000
INFO: [Project 1-111] Unisim Transformation Summary:
  A total of 10 instances were transformed.
  IOBUF => IOBUF (IBUF, OBUFT): 4 instances
  RAM32M => RAM32M (RAMD32(x6), RAMS32(x2)): 2 instances
  RAM32X1D => RAM32X1D (RAMD32(x2)): 4 instances

Synth Design complete | Checksum: 3f7a2b
INFO: [Common 17-83] Releasing license: Synthesis
209 Infos, 156 Warnings, 0 Critical Warnings and 0 Errors encountered.
synth_design completed successfully
synth_design: Time (s): cpu = 00:01:55 ; elapsed = 00:02:44 . Memory (MB): peak = 2013.973 ; gain = 1475.086
Write ShapeDB Complete: Time (s): cpu = 00:00:00 ; elapsed = 00:00:00.025 . Memory (MB): peak = 2013.973 ; gain = 0.000
INFO: [Common 17-1381] The checkpoint 'F:/Work/risv32KC2/hdl/fpga/riscv32KC2.runs/synth_1/riscv32KC2_fpga.dcp' has been generated.
INFO: [Vivado 12-24828] Executing command : report_timing -setup -file synth_report_timing_0.rpt -rpx synth_report_timing_0.rpx
INFO: [Timing 38-91] UpdateTimingParams: Speed grade: -1, Delay Type: max.
INFO: [Timing 38-191] Multithreading enabled for timing update using a maximum of 2 CPUs
INFO: [Timing 38-35] Done setting XDC timing constraints.
INFO: [Timing 38-78] ReportTimingParams: -max_paths 1 -nworst 1 -delay_type max -sort_by slack.
report_timing: Time (s): cpu = 00:00:06 ; elapsed = 00:00:09 . Memory (MB): peak = 2013.973 ; gain = 0.000
INFO: [Vivado 12-24828] Executing command : report_utilization -file riscv32KC2_fpga_utilization_synth.rpt -pb riscv32KC2_fpga_utilization_synth.pb
generate_parallel_reports: Time (s): cpu = 00:00:07 ; elapsed = 00:00:09 . Memory (MB): peak = 2013.973 ; gain = 0.000
INFO: [Common 17-206] Exiting Vivado at Sun Mar  8 23:28:55 2026...
